# JRE version: OpenJDK Runtime Environment (11.0.8+10) (build 11.0.8+10-b944.6842174)
# Java VM: OpenJDK 64-Bit Server VM (11.0.8+10-b944.6842174, mixed mode, tiered, compressed oops, g1 gc, windows-amd64)
Heap:
 garbage-first heap   total 663552K, used 223567K [0x0000000080000000, 0x0000000100000000)
  region size 1024K, 3 young (3072K), 3 survivors (3072K)
 Metaspace       used 156938K, capacity 162225K, committed 162348K, reserved 1191936K
  class space    used 18864K, capacity 20747K, committed 20864K, reserved 1048576K
GC Heap History (20 events):
Event: 16378.079 GC heap after
{Heap after GC invocations=212 (full 0):
 garbage-first heap   total 446464K, used 191233K [0x0000000080000000, 0x0000000100000000)
  region size 1024K, 23 young (23552K), 23 survivors (23552K)
 Metaspace       used 156733K, capacity 162039K, committed 162220K, reserved 1191936K
  class space    used 18857K, capacity 20709K, committed 20736K, reserved 1048576K
}
Event: 16378.086 GC heap before
{Heap before GC invocations=212 (full 0):
 garbage-first heap   total 446464K, used 192257K [0x0000000080000000, 0x0000000100000000)
  region size 1024K, 24 young (24576K), 23 survivors (23552K)
 Metaspace       used 156733K, capacity 162039K, committed 162220K, reserved 1191936K
  class space    used 18857K, capacity 20709K, committed 20736K, reserved 1048576K
}
Event: 16378.120 GC heap after
{Heap after GC invocations=213 (full 0):
 garbage-first heap   total 446464K, used 188829K [0x0000000080000000, 0x0000000100000000)
  region size 1024K, 3 young (3072K), 3 survivors (3072K)
 Metaspace       used 156733K, capacity 162039K, committed 162220K, reserved 1191936K
  class space    used 18857K, capacity 20709K, committed 20736K, reserved 1048576K
}
Event: 16378.513 GC heap before
{Heap before GC invocations=213 (full 0):
 garbage-first heap   total 446464K, used 341405K [0x0000000080000000, 0x0000000100000000)
  region size 1024K, 153 young (156672K), 3 survivors (3072K)
 Metaspace       used 156772K, capacity 162082K, committed 162348K, reserved 1191936K
  class space    used 18860K, capacity 20744K, committed 20864K, reserved 1048576K
}
Event: 16378.584 GC heap after
{Heap after GC invocations=214 (full 0):
 garbage-first heap   total 446464K, used 219136K [0x0000000080000000, 0x0000000100000000)
  region size 1024K, 20 young (20480K), 20 survivors (20480K)
 Metaspace       used 156772K, capacity 162082K, committed 162348K, reserved 1191936K
  class space    used 18860K, capacity 20744K, committed 20864K, reserved 1048576K
}
Event: 16378.934 GC heap before
{Heap before GC invocations=214 (full 0):
 garbage-first heap   total 446464K, used 343040K [0x0000000080000000, 0x0000000100000000)
  region size 1024K, 144 young (147456K), 20 survivors (20480K)
 Metaspace       used 156777K, capacity 162087K, committed 162348K, reserved 1191936K
  class space    used 18862K, capacity 20746K, committed 20864K, reserved 1048576K
}
Event: 16378.995 GC heap after
{Heap after GC invocations=215 (full 0):
 garbage-first heap   total 446464K, used 233472K [0x0000000080000000, 0x0000000100000000)
  region size 1024K, 16 young (16384K), 16 survivors (16384K)
 Metaspace       used 156777K, capacity 162087K, committed 162348K, reserved 1191936K
  class space    used 18862K, capacity 20746K, committed 20864K, reserved 1048576K
}
Event: 16379.325 GC heap before
{Heap before GC invocations=216 (full 0):
 garbage-first heap   total 446464K, used 351232K [0x0000000080000000, 0x0000000100000000)
  region size 1024K, 132 young (135168K), 16 survivors (16384K)
 Metaspace       used 156814K, capacity 162153K, committed 162348K, reserved 1191936K
  class space    used 18862K, capacity 20746K, committed 20864K, reserved 1048576K
}
Event: 16379.381 GC heap after
{Heap after GC invocations=217 (full 0):
 garbage-first heap   total 446464K, used 248832K [0x0000000080000000, 0x0000000100000000)
  region size 1024K, 15 young (15360K), 15 survivors (15360K)
 Metaspace       used 156814K, capacity 162153K, committed 162348K, reserved 1191936K
  class space    used 18862K, capacity 20746K, committed 20864K, reserved 1048576K
}
Event: 16379.398 GC heap before
{Heap before GC invocations=217 (full 0):
 garbage-first heap   total 446464K, used 253952K [0x0000000080000000, 0x0000000100000000)
  region size 1024K, 21 young (21504K), 15 survivors (15360K)
 Metaspace       used 156817K, capacity 162153K, committed 162348K, reserved 1191936K
  class space    used 18862K, capacity 20746K, committed 20864K, reserved 1048576K
}
Event: 16379.455 GC heap after
{Heap after GC invocations=218 (full 0):
 garbage-first heap   total 446464K, used 221302K [0x0000000080000000, 0x0000000100000000)
  region size 1024K, 3 young (3072K), 3 survivors (3072K)
 Metaspace       used 156817K, capacity 162153K, committed 162348K, reserved 1191936K
  class space    used 18862K, capacity 20746K, committed 20864K, reserved 1048576K
}
Event: 16379.502 GC heap before
{Heap before GC invocations=218 (full 0):
 garbage-first heap   total 446464K, used 238710K [0x0000000080000000, 0x0000000100000000)
  region size 1024K, 21 young (21504K), 3 survivors (3072K)
 Metaspace       used 156826K, capacity 162153K, committed 162348K, reserved 1191936K
  class space    used 18862K, capacity 20746K, committed 20864K, reserved 1048576K
}
Event: 16379.530 GC heap after
{Heap after GC invocations=219 (full 0):
 garbage-first heap   total 446464K, used 220471K [0x0000000080000000, 0x0000000100000000)
  region size 1024K, 3 young (3072K), 3 survivors (3072K)
 Metaspace       used 156826K, capacity 162153K, committed 162348K, reserved 1191936K
  class space    used 18862K, capacity 20746K, committed 20864K, reserved 1048576K
}
Event: 16379.835 GC heap before
{Heap before GC invocations=219 (full 0):
 garbage-first heap   total 446464K, used 347447K [0x0000000080000000, 0x0000000100000000)
  region size 1024K, 128 young (131072K), 3 survivors (3072K)
 Metaspace       used 156863K, capacity 162155K, committed 162348K, reserved 1191936K
  class space    used 18862K, capacity 20746K, committed 20864K, reserved 1048576K
}
Event: 16379.891 GC heap after
{Heap after GC invocations=220 (full 0):
 garbage-first heap   total 446464K, used 228942K [0x0000000080000000, 0x0000000100000000)
  region size 1024K, 11 young (11264K), 11 survivors (11264K)
 Metaspace       used 156863K, capacity 162155K, committed 162348K, reserved 1191936K
  class space    used 18862K, capacity 20746K, committed 20864K, reserved 1048576K
}
Event: 16380.408 GC heap before
{Heap before GC invocations=220 (full 0):
 garbage-first heap   total 446464K, used 353870K [0x0000000080000000, 0x0000000100000000)
  region size 1024K, 134 young (137216K), 11 survivors (11264K)
 Metaspace       used 156913K, capacity 162222K, committed 162348K, reserved 1191936K
  class space    used 18862K, capacity 20746K, committed 20864K, reserved 1048576K
}
Event: 16380.435 GC heap after
{Heap after GC invocations=221 (full 0):
 garbage-first heap   total 446464K, used 233096K [0x0000000080000000, 0x0000000100000000)
  region size 1024K, 5 young (5120K), 5 survivors (5120K)
 Metaspace       used 156913K, capacity 162222K, committed 162348K, reserved 1191936K
  class space    used 18862K, capacity 20746K, committed 20864K, reserved 1048576K
}
Event: 16380.822 GC heap before
{Heap before GC invocations=222 (full 0):
 garbage-first heap   total 446464K, used 361096K [0x0000000080000000, 0x0000000100000000)
  region size 1024K, 130 young (133120K), 5 survivors (5120K)
 Metaspace       used 156938K, capacity 162225K, committed 162348K, reserved 1191936K
  class space    used 18864K, capacity 20747K, committed 20864K, reserved 1048576K
}
Event: 16380.845 GC heap after
{Heap after GC invocations=223 (full 0):
 garbage-first heap   total 446464K, used 238045K [0x0000000080000000, 0x0000000100000000)
  region size 1024K, 10 young (10240K), 10 survivors (10240K)
 Metaspace       used 156938K, capacity 162225K, committed 162348K, reserved 1191936K
  class space    used 18864K, capacity 20747K, committed 20864K, reserved 1048576K
}
Event: 16380.869 GC heap before
{Heap before GC invocations=223 (full 0):
 garbage-first heap   total 446464K, used 250333K [0x0000000080000000, 0x0000000100000000)
  region size 1024K, 23 young (23552K), 10 survivors (10240K)
 Metaspace       used 156938K, capacity 162225K, committed 162348K, reserved 1191936K
  class space    used 18864K, capacity 20747K, committed 20864K, reserved 1048576K
}

